INFO:     Will watch for changes in these directories: ['/Users/deepakprakash/Documents/yugenhub-backend']
INFO:     Uvicorn running on http://127.0.0.1:8000 (Press CTRL+C to quit)
INFO:     Started reloader process [7499] using WatchFiles
[32mINFO   [0m yugenhub [req=- agency=- user=-] Logging initialized | env=development level=DEBUG file=/Users/deepakprakash/Documents/yugenhub-backend/logs/app.log
[32mINFO   [0m yugenhub.database [req=- agency=- user=-] MongoDB connection string found: mongodb+srv://deepak...
[32mINFO   [0m yugenhub.database [req=- agency=- user=-] Database collections initialized on DB: yugen_hub
/Users/deepakprakash/Documents/yugenhub-backend/venv/lib/python3.9/site-packages/google/oauth2/__init__.py:40: FutureWarning: You are using a Python version 3.9 past its end of life. Google will update google-auth with critical bug fixes on a best-effort basis, but not with any other fixes or features. Please upgrade your Python version, and then update google-auth.
  warnings.warn(eol_message.format("3.9"), FutureWarning)
/Users/deepakprakash/Documents/yugenhub-backend/venv/lib/python3.9/site-packages/google/auth/__init__.py:54: FutureWarning: You are using a Python version 3.9 past its end of life. Google will update google-auth with critical bug fixes on a best-effort basis, but not with any other fixes or features. Please upgrade your Python version, and then update google-auth.
  warnings.warn(eol_message.format("3.9"), FutureWarning)
/Users/deepakprakash/Documents/yugenhub-backend/venv/lib/python3.9/site-packages/urllib3/__init__.py:35: NotOpenSSLWarning: urllib3 v2 only supports OpenSSL 1.1.1+, currently the 'ssl' module is compiled with 'LibreSSL 2.8.3'. See: https://github.com/urllib3/urllib3/issues/3020
  warnings.warn(
[32mINFO   [0m yugenhub.app [req=- agency=- user=-] All routers registered, YugenHub API ready
INFO:     Started server process [7553]
INFO:     Waiting for application startup.
INFO:     Application startup complete.
INFO:     Shutting down
INFO:     Waiting for application shutdown.
INFO:     Application shutdown complete.
INFO:     Finished server process [7553]
INFO:     Stopping reloader process [7499]
